[2026-06-03 11:33:22] Starting the automation process.
[2026-06-03 11:33:22] Browser opened successfully.
[2026-06-03 11:33:22] Title: Report Management - Work report system - THK-HD HN | URL: https://work-report.thk-hd-hn.vn/report?team_id=2&user_id=&start_date=2026-06-03&end_date=2026-06-03
[2026-06-03 11:33:28] Already logged in via existing Chrome Profile Session.
[2026-06-03 11:33:28] Data rows loaded from Excel: 1
[2026-06-03 11:33:28] Opened report modal for user: Nguyen Ngoc Tran Tien
[2026-06-03 11:33:33] Report modal ID : editReportModal
[2026-06-03 11:33:33] Processing Excel row index: 0
[2026-06-03 11:33:33] add today's tasks 1
[2026-06-03 11:33:33] Click 'Save Report' button executed.
[2026-06-03 11:33:36] Script executed completed successfully.
[2026-06-03 11:35:13] Starting the automation process.
[2026-06-03 11:35:13] Browser opened successfully.
[2026-06-03 11:35:13] Title: Report Management - Work report system - THK-HD HN | URL: https://work-report.thk-hd-hn.vn/report?team_id=2&user_id=&start_date=2026-06-03&end_date=2026-06-03
[2026-06-03 11:35:19] Already logged in via existing Chrome Profile Session.
[2026-06-03 11:35:19] Data rows loaded from Excel: 1
[2026-06-03 11:35:19] Opened report modal for user: Nguyen Ngoc Tran Tien
[2026-06-03 11:35:24] Report modal ID : editReportModal
[2026-06-03 11:35:24] Processing Excel row index: 0
[2026-06-03 11:35:25] add today's tasks 1
[2026-06-03 11:35:25] Click 'Save Report' button executed.
[2026-06-03 11:35:27] Found 'OK' button. Clicking...
[2026-06-03 11:35:31] Script executed completed successfully.
[2026-06-03 16:00:19] Starting the automation process.
[2026-06-03 16:00:19] Browser opened successfully.
[2026-06-03 16:00:19] Title: Admin Login | THK Holdings Vietnam - MIS | URL: https://work-report.thk-hd-hn.vn/auth/login
[2026-06-03 16:00:19] Login button exists. Proceeding with login...
[2026-06-03 16:00:25] Logged in successfully via Form.
[2026-06-03 16:00:25] Data rows loaded from Excel: 1
[2026-06-03 16:00:25] Opened report modal for user: Nguyen Ngoc Tran Tien
[2026-06-03 16:00:30] Report modal ID : editReportModal
[2026-06-03 16:00:30] Processing Excel row index: 0
[2026-06-03 16:00:31] add today's tasks 1, details: QZIN_MYPAGE-244 : Test và fix bug URL trên môi trường dev, hours: 8
[2026-06-03 16:00:31] Click 'Save Report' button executed.
[2026-06-03 16:00:33] Found 'OK' button. Clicking...
[2026-06-03 16:00:37] Script executed completed successfully.
